23-02-2024 17:05:09	This log contains information about the import schema operation into project 'CICD' on computer 'SAHIL-MODY' by user 'SAHILMODY'.
23-02-2024 17:05:17	Import of database schema has started.
23-02-2024 17:05:31	Gathering database credentials
23-02-2024 17:05:31	Gathering database options
23-02-2024 17:05:31	Gathering generic database scoped configuration option
23-02-2024 17:05:31	Gathering users
23-02-2024 17:05:31	Gathering roles
23-02-2024 17:05:31	Gathering application roles
23-02-2024 17:05:31	Gathering role memberships
23-02-2024 17:05:31	Gathering filegroups
23-02-2024 17:05:31	Gathering full-text catalogs
23-02-2024 17:05:31	Gathering assemblies
23-02-2024 17:05:31	Gathering certificates
23-02-2024 17:05:31	Gathering asymmetric keys
23-02-2024 17:05:31	Gathering symmetric keys
23-02-2024 17:05:31	Gathering encrypted symmetric keys
23-02-2024 17:05:31	Gathering schemas
23-02-2024 17:05:31	Gathering XML schema collections
23-02-2024 17:05:31	Gathering user-defined data types
23-02-2024 17:05:31	Gathering user-defined types
23-02-2024 17:05:31	Gathering table types
23-02-2024 17:05:31	Gathering unique keys for table types
23-02-2024 17:05:31	Gathering primary keys for table types
23-02-2024 17:05:34	Gathering indexes for table types
23-02-2024 17:05:34	Gathering check constraints for table types
23-02-2024 17:05:34	Gathering default constraints for table types
23-02-2024 17:05:34	Gathering partition functions
23-02-2024 17:05:34	Gathering partition schemes
23-02-2024 17:05:34	Gathering functions
23-02-2024 17:05:34	Gathering encrypted functions
23-02-2024 17:05:34	Gathering aggregates
23-02-2024 17:05:34	Gathering procedures
23-02-2024 17:05:35	Gathering encrypted procedures
23-02-2024 17:05:35	Gathering tables
23-02-2024 17:06:30	Gathering primary keys
23-02-2024 17:06:30	Gathering unique constraints
23-02-2024 17:06:30	Gathering foreign keys
23-02-2024 17:06:30	Gathering default constraints
23-02-2024 17:06:30	Gathering check constraints
23-02-2024 17:06:55	Gathering views
23-02-2024 17:06:55	Gathering encrypted views
23-02-2024 17:06:55	Gathering indexes
23-02-2024 17:06:55	Gathering statistics
23-02-2024 17:06:55	Gathering full-text index stoplists
23-02-2024 17:06:55	Gathering search property lists
23-02-2024 17:06:55	Gathering search properties
23-02-2024 17:06:55	Gathering full-text indexes
23-02-2024 17:06:55	Gathering column store indexes
23-02-2024 17:06:55	Gathering spatial indexes
23-02-2024 17:06:55	Gathering XML indexes
23-02-2024 17:06:55	Gathering Selective XML indexes
23-02-2024 17:06:55	Gathering encrypted triggers
23-02-2024 17:06:55	Gathering triggers
23-02-2024 17:06:55	Gathering encrypted and clr ddl triggers
23-02-2024 17:07:21	Gathering ddl triggers
23-02-2024 17:07:21	Creating edge constraints
23-02-2024 17:07:21	Gathering synonyms
23-02-2024 17:07:21	Gathering defaults
23-02-2024 17:07:21	Gathering data constraint uddt bindings
23-02-2024 17:07:21	Gathering rules
23-02-2024 17:07:21	Gathering data constraint uddt bindings
23-02-2024 17:07:21	Gathering message types
23-02-2024 17:07:21	Gathering queues
23-02-2024 17:07:21	Gathering contracts
23-02-2024 17:07:21	Gathering services
23-02-2024 17:07:21	Gathering event notifications
23-02-2024 17:07:21	Gathering remote service bindings
23-02-2024 17:07:21	Gathering broker priorities
23-02-2024 17:07:21	Gathering signatures
23-02-2024 17:07:21	Gathering compression options
23-02-2024 17:07:21	Gathering sequence types
23-02-2024 17:07:21	Gathering security policies
23-02-2024 17:07:21	Gather column encryption keys
23-02-2024 17:07:21	Gathering column master keys
23-02-2024 17:07:21	Gathering external data sources
23-02-2024 17:07:21	Gathering external file formats
23-02-2024 17:07:21	Gathering external tables
23-02-2024 17:07:21	Gathering XML index compression options
23-02-2024 17:07:21	Gathering extended properties
23-02-2024 17:07:21	Gathering assemblies
23-02-2024 17:07:22	Gathering credentials
23-02-2024 17:07:22	Gathering logins
23-02-2024 17:07:22	Gathering server audits
23-02-2024 17:07:25	Scanning project for duplicate elements
23-02-2024 17:07:26	Finished duplicate element processing
23-02-2024 17:07:29	Finished importing database.
23-02-2024 17:07:29	A summary of the import was saved to the following location: C:\Users\SAHIL MODY\Desktop\pROJECT\CICD\Import Schema Logs\CICD_20240224010509.log
23-02-2024 17:07:29	Click Finish to continue...
